<?xml version="1.0" encoding="UTF-8" ?>
<testsuite tests="19" failures="8" name="edu.poly.model.NguoiHocNGTest" time="0.094" errors="0" skipped="0">
  <properties>
    <property name="java.runtime.name" value="Java(TM) SE Runtime Environment"/>
    <property name="java.vm.version" value="11+28"/>
    <property name="sun.boot.library.path" value="C:\Program Files\Java\jdk-11\bin"/>
    <property name="maven.multiModuleProjectDirectory" value="D:\DU AN NETBEANS\YschollTestingTestNG"/>
    <property name="java.vm.vendor" value="Oracle Corporation"/>
    <property name="java.vendor.url" value="http://java.oracle.com/"/>
    <property name="guice.disable.misplaced.annotation.check" value="true"/>
    <property name="path.separator" value=";"/>
    <property name="java.vm.name" value="Java HotSpot(TM) 64-Bit Server VM"/>
    <property name="sun.os.patch.level" value=""/>
    <property name="user.script" value=""/>
    <property name="user.country" value="US"/>
    <property name="sun.java.launcher" value="SUN_STANDARD"/>
    <property name="test" value="edu.poly.model.NguoiHocNGTest"/>
    <property name="java.vm.specification.name" value="Java Virtual Machine Specification"/>
    <property name="user.dir" value="D:\DU AN NETBEANS\YschollTestingTestNG"/>
    <property name="java.vm.compressedOopsMode" value="32-bit"/>
    <property name="java.runtime.version" value="11+28"/>
    <property name="java.awt.graphicsenv" value="sun.awt.Win32GraphicsEnvironment"/>
    <property name="os.arch" value="amd64"/>
    <property name="java.io.tmpdir" value="C:\Users\DELL\AppData\Local\Temp\"/>
    <property name="line.separator" value="
"/>
    <property name="java.vm.specification.vendor" value="Oracle Corporation"/>
    <property name="user.variant" value=""/>
    <property name="os.name" value="Windows 10"/>
    <property name="maven.ext.class.path" value="C:\Program Files\NetBeans-11.2\netbeans\java\maven-nblib\netbeans-eventspy.jar"/>
    <property name="classworlds.conf" value="C:\Program Files\NetBeans-11.2\netbeans\java\maven\bin\m2.conf"/>
    <property name="sun.jnu.encoding" value="Cp1252"/>
    <property name="java.library.path" value="C:\Program Files\Java\jdk-11\bin;C:\WINDOWS\Sun\Java\bin;C:\WINDOWS\system32;C:\WINDOWS;C:\Program Files\Microsoft MPI\Bin\;C:\Program Files\Java\jdk1.8.0_231\bin;C:\Program Files (x86)\Common Files\Oracle\Java\javapath;C:\Program Files (x86)\SIEMENS\S7-PCT\bin;C:\Program Files (x86)\Common Files\Siemens\Sqlany;C:\Program Files (x86)\Siemens\Step7\S7bin;C:\Program Files\Common Files\Siemens\Automation\Simatic OAM\bin;C:\WINDOWS\system32;C:\WINDOWS;C:\WINDOWS\System32\Wbem;C:\WINDOWS\System32\WindowsPowerShell\v1.0\;C:\WINDOWS\System32\OpenSSH\;C:\Program Files\PKWARE\pkzipc;C:\Program Files\Microsoft SQL Server\130\Tools\Binn\;C:\Program Files (x86)\Microsoft SQL Server\150\DTS\Binn\;C:\Program Files (x86)\Microsoft SQL Server\150\Tools\Binn\;C:\Program Files\Microsoft SQL Server\150\Tools\Binn\;C:\Program Files\Microsoft SQL Server\150\DTS\Binn\;C:\Program Files\Microsoft SQL Server\Client SDK\ODBC\170\Tools\Binn\;C:\Program Files (x86)\dotnet\;C:\Program Files\nodejs\;C:\Program Files\Git\cmd;C:\Users\DELL\AppData\Local\Microsoft\WindowsApps;;D:\VScode\Microsoft VS Code\bin;C:\Users\DELL\AppData\Roaming\npm;."/>
    <property name="jdk.debug" value="release"/>
    <property name="java.class.version" value="55.0"/>
    <property name="java.specification.name" value="Java Platform API Specification"/>
    <property name="sun.management.compiler" value="HotSpot 64-Bit Tiered Compilers"/>
    <property name="os.version" value="10.0"/>
    <property name="user.home" value="C:\Users\DELL"/>
    <property name="user.timezone" value="Asia/Bangkok"/>
    <property name="java.awt.printerjob" value="sun.awt.windows.WPrinterJob"/>
    <property name="file.encoding" value="UTF-8"/>
    <property name="java.specification.version" value="11"/>
    <property name="user.name" value="DELL"/>
    <property name="java.class.path" value="C:\Program Files\NetBeans-11.2\netbeans\java\maven\boot\plexus-classworlds-2.5.2.jar"/>
    <property name="java.vm.specification.version" value="11"/>
    <property name="sun.arch.data.model" value="64"/>
    <property name="sun.java.command" value="org.codehaus.plexus.classworlds.launcher.Launcher -Dtest=edu.poly.model.NguoiHocNGTest -Dmaven.ext.class.path=C:\Program Files\NetBeans-11.2\netbeans\java\maven-nblib\netbeans-eventspy.jar -Dfile.encoding=UTF-8 surefire:test"/>
    <property name="java.home" value="C:\Program Files\Java\jdk-11"/>
    <property name="user.language" value="en"/>
    <property name="java.specification.vendor" value="Oracle Corporation"/>
    <property name="awt.toolkit" value="sun.awt.windows.WToolkit"/>
    <property name="java.vm.info" value="mixed mode"/>
    <property name="java.version" value="11"/>
    <property name="java.vendor" value="Oracle Corporation"/>
    <property name="maven.home" value="C:\Program Files\NetBeans-11.2\netbeans\java\maven"/>
    <property name="file.separator" value="\"/>
    <property name="java.version.date" value="2018-09-25"/>
    <property name="java.vendor.url.bug" value="http://bugreport.java.com/bugreport/"/>
    <property name="sun.io.unicode.encoding" value="UnicodeLittle"/>
    <property name="sun.cpu.endian" value="little"/>
    <property name="java.vendor.version" value="18.9"/>
    <property name="sun.desktop" value="windows"/>
    <property name="sun.cpu.isalist" value="amd64"/>
  </properties>
  <testcase classname="edu.poly.model.NguoiHocNGTest" name="testGetDienThoai" time="0.078">
    <failure message="expected [] but found [null]" type="java.lang.AssertionError">java.lang.AssertionError: expected [] but found [null]
	at org.testng.Assert.fail(Assert.java:97)
	at org.testng.Assert.failNotEquals(Assert.java:969)
	at org.testng.Assert.assertEqualsImpl(Assert.java:131)
	at org.testng.Assert.assertEquals(Assert.java:118)
	at org.testng.Assert.assertEquals(Assert.java:575)
	at org.testng.Assert.assertEquals(Assert.java:585)
	at edu.poly.model.NguoiHocNGTest.testGetDienThoai(NguoiHocNGTest.java:142)
</failure>
    <system-out>Configuring TestNG with: org.apache.maven.surefire.testng.conf.TestNG652Configurator@5bfbf16f
getDienThoai
</system-out>
  </testcase>
  <testcase classname="edu.poly.model.NguoiHocNGTest" name="testGetEmail" time="0">
    <failure message="expected [] but found [null]" type="java.lang.AssertionError">java.lang.AssertionError: expected [] but found [null]
	at org.testng.Assert.fail(Assert.java:97)
	at org.testng.Assert.failNotEquals(Assert.java:969)
	at org.testng.Assert.assertEqualsImpl(Assert.java:131)
	at org.testng.Assert.assertEquals(Assert.java:118)
	at org.testng.Assert.assertEquals(Assert.java:575)
	at org.testng.Assert.assertEquals(Assert.java:585)
	at edu.poly.model.NguoiHocNGTest.testGetEmail(NguoiHocNGTest.java:164)
</failure>
    <system-out>getEmail
</system-out>
  </testcase>
  <testcase classname="edu.poly.model.NguoiHocNGTest" name="testGetGhiChu" time="0.016">
    <failure message="expected [] but found [null]" type="java.lang.AssertionError">java.lang.AssertionError: expected [] but found [null]
	at org.testng.Assert.fail(Assert.java:97)
	at org.testng.Assert.failNotEquals(Assert.java:969)
	at org.testng.Assert.assertEqualsImpl(Assert.java:131)
	at org.testng.Assert.assertEquals(Assert.java:118)
	at org.testng.Assert.assertEquals(Assert.java:575)
	at org.testng.Assert.assertEquals(Assert.java:585)
	at edu.poly.model.NguoiHocNGTest.testGetGhiChu(NguoiHocNGTest.java:187)
</failure>
    <system-out>getGhiChu
</system-out>
  </testcase>
  <testcase classname="edu.poly.model.NguoiHocNGTest" name="testGetGioiTinh" time="0"/>
  <testcase classname="edu.poly.model.NguoiHocNGTest" name="testGetHoTen" time="0">
    <failure message="expected [] but found [null]" type="java.lang.AssertionError">java.lang.AssertionError: expected [] but found [null]
	at org.testng.Assert.fail(Assert.java:97)
	at org.testng.Assert.failNotEquals(Assert.java:969)
	at org.testng.Assert.assertEqualsImpl(Assert.java:131)
	at org.testng.Assert.assertEquals(Assert.java:118)
	at org.testng.Assert.assertEquals(Assert.java:575)
	at org.testng.Assert.assertEquals(Assert.java:585)
	at edu.poly.model.NguoiHocNGTest.testGetHoTen(NguoiHocNGTest.java:74)
</failure>
    <system-out>getHoTen
</system-out>
  </testcase>
  <testcase classname="edu.poly.model.NguoiHocNGTest" name="testGetMaNH" time="0">
    <failure message="expected [] but found [null]" type="java.lang.AssertionError">java.lang.AssertionError: expected [] but found [null]
	at org.testng.Assert.fail(Assert.java:97)
	at org.testng.Assert.failNotEquals(Assert.java:969)
	at org.testng.Assert.assertEqualsImpl(Assert.java:131)
	at org.testng.Assert.assertEquals(Assert.java:118)
	at org.testng.Assert.assertEquals(Assert.java:575)
	at org.testng.Assert.assertEquals(Assert.java:585)
	at edu.poly.model.NguoiHocNGTest.testGetMaNH(NguoiHocNGTest.java:52)
</failure>
    <system-out>getMaNH
</system-out>
  </testcase>
  <testcase classname="edu.poly.model.NguoiHocNGTest" name="testGetMaNV" time="0">
    <failure message="expected [] but found [null]" type="java.lang.AssertionError">java.lang.AssertionError: expected [] but found [null]
	at org.testng.Assert.fail(Assert.java:97)
	at org.testng.Assert.failNotEquals(Assert.java:969)
	at org.testng.Assert.assertEqualsImpl(Assert.java:131)
	at org.testng.Assert.assertEquals(Assert.java:118)
	at org.testng.Assert.assertEquals(Assert.java:575)
	at org.testng.Assert.assertEquals(Assert.java:585)
	at edu.poly.model.NguoiHocNGTest.testGetMaNV(NguoiHocNGTest.java:209)
</failure>
    <system-out>getMaNV
</system-out>
  </testcase>
  <testcase classname="edu.poly.model.NguoiHocNGTest" name="testGetNgayDK" time="0">
    <failure message="expected [null] but found [Tue Apr 27 00:25:36 ICT 2021]" type="java.lang.AssertionError">java.lang.AssertionError: expected [null] but found [Tue Apr 27 00:25:36 ICT 2021]
	at org.testng.Assert.fail(Assert.java:97)
	at org.testng.Assert.failNotEquals(Assert.java:969)
	at org.testng.Assert.assertEqualsImpl(Assert.java:131)
	at org.testng.Assert.assertEquals(Assert.java:118)
	at org.testng.Assert.assertEquals(Assert.java:563)
	at edu.poly.model.NguoiHocNGTest.testGetNgayDK(NguoiHocNGTest.java:232)
</failure>
    <system-out>getNgayDK
</system-out>
  </testcase>
  <testcase classname="edu.poly.model.NguoiHocNGTest" name="testGetNgaySinh" time="0"/>
  <testcase classname="edu.poly.model.NguoiHocNGTest" name="testSetDienThoai" time="0"/>
  <testcase classname="edu.poly.model.NguoiHocNGTest" name="testSetEmail" time="0"/>
  <testcase classname="edu.poly.model.NguoiHocNGTest" name="testSetGhiChu" time="0"/>
  <testcase classname="edu.poly.model.NguoiHocNGTest" name="testSetGioiTinh" time="0"/>
  <testcase classname="edu.poly.model.NguoiHocNGTest" name="testSetHoTen" time="0"/>
  <testcase classname="edu.poly.model.NguoiHocNGTest" name="testSetMaNH" time="0"/>
  <testcase classname="edu.poly.model.NguoiHocNGTest" name="testSetMaNV" time="0"/>
  <testcase classname="edu.poly.model.NguoiHocNGTest" name="testSetNgayDK" time="0"/>
  <testcase classname="edu.poly.model.NguoiHocNGTest" name="testSetNgaySinh" time="0"/>
  <testcase classname="edu.poly.model.NguoiHocNGTest" name="testToString" time="0">
    <failure message="expected [] but found [null]" type="java.lang.AssertionError">java.lang.AssertionError: expected [] but found [null]
	at org.testng.Assert.fail(Assert.java:97)
	at org.testng.Assert.failNotEquals(Assert.java:969)
	at org.testng.Assert.assertEqualsImpl(Assert.java:131)
	at org.testng.Assert.assertEquals(Assert.java:118)
	at org.testng.Assert.assertEquals(Assert.java:575)
	at org.testng.Assert.assertEquals(Assert.java:585)
	at edu.poly.model.NguoiHocNGTest.testToString(NguoiHocNGTest.java:255)
</failure>
    <system-out>toString
</system-out>
  </testcase>
</testsuite>