<?xml version="1.0" encoding="UTF-8"?>
<!-- Generated by org.testng.reporters.JUnitXMLReporter -->
<testsuite ignored="0" hostname="DESKTOP-R2K6MVF" failures="9" tests="22" name="Command line test" time="0.172" errors="0" timestamp="2021-04-27T00:25:17 ICT">
  <testcase classname="edu.poly.model.KhoaHocNGTest" name="testGetGhiChu" time="0.062">
    <failure type="java.lang.AssertionError" message="expected [] but found [null]">
      <![CDATA[java.lang.AssertionError: expected [] but found [null]
at edu.poly.model.KhoaHocNGTest.testGetGhiChu(KhoaHocNGTest.java:206)
at java.base/java.util.ArrayList.forEach(ArrayList.java:1540)
... Removed 42 stack frames]]>
    </failure>
  </testcase> <!-- testGetGhiChu -->
  <testcase classname="edu.poly.model.KhoaHocNGTest" name="testGetHocPhi" time="0.0"/>
  <testcase classname="edu.poly.model.KhoaHocNGTest" name="testGetMaCD" time="0.0">
    <failure type="java.lang.AssertionError" message="expected [] but found [null]">
      <![CDATA[java.lang.AssertionError: expected [] but found [null]
at edu.poly.model.KhoaHocNGTest.testGetMaCD(KhoaHocNGTest.java:84)
at java.base/java.util.ArrayList.forEach(ArrayList.java:1540)
... Removed 42 stack frames]]>
    </failure>
  </testcase> <!-- testGetMaCD -->
  <testcase classname="edu.poly.model.KhoaHocNGTest" name="testGetMaKH" time="0.0"/>
  <testcase classname="edu.poly.model.KhoaHocNGTest" name="testGetMaNV" time="0.0">
    <failure type="java.lang.AssertionError" message="expected [] but found [null]">
      <![CDATA[java.lang.AssertionError: expected [] but found [null]
at edu.poly.model.KhoaHocNGTest.testGetMaNV(KhoaHocNGTest.java:228)
at java.base/java.util.ArrayList.forEach(ArrayList.java:1540)
... Removed 42 stack frames]]>
    </failure>
  </testcase> <!-- testGetMaNV -->
  <testcase classname="edu.poly.model.KhoaHocNGTest" name="testGetNgayKG" time="0.0"/>
  <testcase classname="edu.poly.model.KhoaHocNGTest" name="testGetNgayTao" time="0.016">
    <failure type="java.lang.AssertionError" message="expected [null] but found [Tue Apr 27 00:25:17 ICT 2021]">
      <![CDATA[java.lang.AssertionError: expected [null] but found [Tue Apr 27 00:25:17 ICT 2021]
at edu.poly.model.KhoaHocNGTest.testGetNgayTao(KhoaHocNGTest.java:251)
at java.base/java.util.ArrayList.forEach(ArrayList.java:1540)
... Removed 41 stack frames]]>
    </failure>
  </testcase> <!-- testGetNgayTao -->
  <testcase classname="edu.poly.model.KhoaHocNGTest" name="testGetThoiLuong" time="0.0"/>
  <testcase classname="edu.poly.model.KhoaHocNGTest" name="testSetGhiChu" time="0.0"/>
  <testcase classname="edu.poly.model.KhoaHocNGTest" name="testSetHocPhiWithNegative" time="0.0">
    <failure type="org.testng.TestException" message="
Method KhoaHocNGTest.testSetHocPhiWithNegative()[pri:0, instance:edu.poly.model.KhoaHocNGTest@692f203f] should have thrown an exception of type class java.lang.Exception">
      <![CDATA[org.testng.TestException: 
Method KhoaHocNGTest.testSetHocPhiWithNegative()[pri:0, instance:edu.poly.model.KhoaHocNGTest@692f203f] should have thrown an exception of type class java.lang.Exception
at java.base/java.util.ArrayList.forEach(ArrayList.java:1540)
... Removed 33 stack frames]]>
    </failure>
  </testcase> <!-- testSetHocPhiWithNegative -->
  <testcase classname="edu.poly.model.KhoaHocNGTest" name="testSetHocPhiWithValid" time="0.0"/>
  <testcase classname="edu.poly.model.KhoaHocNGTest" name="testSetHocPhiWithZero" time="0.0"/>
  <testcase classname="edu.poly.model.KhoaHocNGTest" name="testSetMaCD" time="0.0"/>
  <testcase classname="edu.poly.model.KhoaHocNGTest" name="testSetMaKHWithNegative" time="0.0">
    <failure type="org.testng.TestException" message="
Method KhoaHocNGTest.testSetMaKHWithNegative()[pri:0, instance:edu.poly.model.KhoaHocNGTest@692f203f] should have thrown an exception of type class java.lang.Exception">
      <![CDATA[org.testng.TestException: 
Method KhoaHocNGTest.testSetMaKHWithNegative()[pri:0, instance:edu.poly.model.KhoaHocNGTest@692f203f] should have thrown an exception of type class java.lang.Exception
at java.base/java.util.ArrayList.forEach(ArrayList.java:1540)
... Removed 33 stack frames]]>
    </failure>
  </testcase> <!-- testSetMaKHWithNegative -->
  <testcase classname="edu.poly.model.KhoaHocNGTest" name="testSetMaKHWithValid" time="0.0"/>
  <testcase classname="edu.poly.model.KhoaHocNGTest" name="testSetMaNV" time="0.0"/>
  <testcase classname="edu.poly.model.KhoaHocNGTest" name="testSetNgayKG" time="0.0"/>
  <testcase classname="edu.poly.model.KhoaHocNGTest" name="testSetNgayTao" time="0.0"/>
  <testcase classname="edu.poly.model.KhoaHocNGTest" name="testSetThoiLuongWithNegative" time="0.0">
    <failure type="org.testng.TestException" message="
Method KhoaHocNGTest.testSetThoiLuongWithNegative()[pri:0, instance:edu.poly.model.KhoaHocNGTest@692f203f] should have thrown an exception of type class java.lang.Exception">
      <![CDATA[org.testng.TestException: 
Method KhoaHocNGTest.testSetThoiLuongWithNegative()[pri:0, instance:edu.poly.model.KhoaHocNGTest@692f203f] should have thrown an exception of type class java.lang.Exception
at java.base/java.util.ArrayList.forEach(ArrayList.java:1540)
... Removed 33 stack frames]]>
    </failure>
  </testcase> <!-- testSetThoiLuongWithNegative -->
  <testcase classname="edu.poly.model.KhoaHocNGTest" name="testSetThoiLuongWithValid" time="0.0"/>
  <testcase classname="edu.poly.model.KhoaHocNGTest" name="testSetThoiLuongWithZero" time="0.0">
    <failure type="org.testng.TestException" message="
Method KhoaHocNGTest.testSetThoiLuongWithZero()[pri:0, instance:edu.poly.model.KhoaHocNGTest@692f203f] should have thrown an exception of type class java.lang.Exception">
      <![CDATA[org.testng.TestException: 
Method KhoaHocNGTest.testSetThoiLuongWithZero()[pri:0, instance:edu.poly.model.KhoaHocNGTest@692f203f] should have thrown an exception of type class java.lang.Exception
at java.base/java.util.ArrayList.forEach(ArrayList.java:1540)
... Removed 33 stack frames]]>
    </failure>
  </testcase> <!-- testSetThoiLuongWithZero -->
  <testcase classname="edu.poly.model.KhoaHocNGTest" name="testToString" time="0.032">
    <failure type="java.lang.AssertionError" message="expected [] but found [null (null)]">
      <![CDATA[java.lang.AssertionError: expected [] but found [null (null)]
at edu.poly.model.KhoaHocNGTest.testToString(KhoaHocNGTest.java:273)
at java.base/java.util.ArrayList.forEach(ArrayList.java:1540)
... Removed 41 stack frames]]>
    </failure>
  </testcase> <!-- testToString -->
</testsuite> <!-- Command line test -->
