<?xml version="1.0" encoding="UTF-8"?>
<!-- Generated by org.testng.reporters.JUnitXMLReporter -->
<testsuite ignored="0" hostname="DESKTOP-R2K6MVF" failures="5" tests="12" name="Command line test" time="0.078" errors="0" timestamp="2021-04-27T00:24:43 ICT">
  <testcase classname="edu.poly.model.HocVienNGTest" name="testGetDiem" time="0.0"/>
  <testcase classname="edu.poly.model.HocVienNGTest" name="testGetMaHV" time="0.016"/>
  <testcase classname="edu.poly.model.HocVienNGTest" name="testGetMaKH" time="0.0"/>
  <testcase classname="edu.poly.model.HocVienNGTest" name="testGetMaNH" time="0.0">
    <failure type="java.lang.AssertionError" message="expected [] but found [null]">
      <![CDATA[java.lang.AssertionError: expected [] but found [null]
at edu.poly.model.HocVienNGTest.testGetMaNH(HocVienNGTest.java:111)
at java.base/java.util.ArrayList.forEach(ArrayList.java:1540)
... Removed 42 stack frames]]>
    </failure>
  </testcase> <!-- testGetMaNH -->
  <testcase classname="edu.poly.model.HocVienNGTest" name="testSetDiemWithLarge" time="0.0">
    <failure type="org.testng.TestException" message="
Method HocVienNGTest.testSetDiemWithLarge()[pri:0, instance:edu.poly.model.HocVienNGTest@222545dc] should have thrown an exception of type class java.lang.Exception">
      <![CDATA[org.testng.TestException: 
Method HocVienNGTest.testSetDiemWithLarge()[pri:0, instance:edu.poly.model.HocVienNGTest@222545dc] should have thrown an exception of type class java.lang.Exception
at java.base/java.util.ArrayList.forEach(ArrayList.java:1540)
... Removed 33 stack frames]]>
    </failure>
  </testcase> <!-- testSetDiemWithLarge -->
  <testcase classname="edu.poly.model.HocVienNGTest" name="testSetDiemWithNegative" time="0.0">
    <failure type="org.testng.TestException" message="
Method HocVienNGTest.testSetDiemWithNegative()[pri:0, instance:edu.poly.model.HocVienNGTest@222545dc] should have thrown an exception of type class java.lang.Exception">
      <![CDATA[org.testng.TestException: 
Method HocVienNGTest.testSetDiemWithNegative()[pri:0, instance:edu.poly.model.HocVienNGTest@222545dc] should have thrown an exception of type class java.lang.Exception
at java.base/java.util.ArrayList.forEach(ArrayList.java:1540)
... Removed 33 stack frames]]>
    </failure>
  </testcase> <!-- testSetDiemWithNegative -->
  <testcase classname="edu.poly.model.HocVienNGTest" name="testSetDiemWithValid" time="0.0"/>
  <testcase classname="edu.poly.model.HocVienNGTest" name="testSetMaHVWithNegative" time="0.0">
    <failure type="org.testng.TestException" message="
Method HocVienNGTest.testSetMaHVWithNegative()[pri:0, instance:edu.poly.model.HocVienNGTest@222545dc] should have thrown an exception of type class java.lang.Exception">
      <![CDATA[org.testng.TestException: 
Method HocVienNGTest.testSetMaHVWithNegative()[pri:0, instance:edu.poly.model.HocVienNGTest@222545dc] should have thrown an exception of type class java.lang.Exception
at java.base/java.util.ArrayList.forEach(ArrayList.java:1540)
... Removed 33 stack frames]]>
    </failure>
  </testcase> <!-- testSetMaHVWithNegative -->
  <testcase classname="edu.poly.model.HocVienNGTest" name="testSetMaHVWithValid" time="0.0"/>
  <testcase classname="edu.poly.model.HocVienNGTest" name="testSetMaKHWithNegative" time="0.0">
    <failure type="org.testng.TestException" message="
Method HocVienNGTest.testSetMaKHWithNegative()[pri:0, instance:edu.poly.model.HocVienNGTest@222545dc] should have thrown an exception of type class java.lang.Exception">
      <![CDATA[org.testng.TestException: 
Method HocVienNGTest.testSetMaKHWithNegative()[pri:0, instance:edu.poly.model.HocVienNGTest@222545dc] should have thrown an exception of type class java.lang.Exception
at java.base/java.util.ArrayList.forEach(ArrayList.java:1540)
... Removed 33 stack frames]]>
    </failure>
  </testcase> <!-- testSetMaKHWithNegative -->
  <testcase classname="edu.poly.model.HocVienNGTest" name="testSetMaKHWithValid" time="0.0"/>
  <testcase classname="edu.poly.model.HocVienNGTest" name="testSetMaNH" time="0.0"/>
</testsuite> <!-- Command line test -->
