<?xml version="1.0" encoding="UTF-8"?>
<!-- Generated by org.testng.reporters.JUnitXMLReporter -->
<testsuite ignored="0" hostname="DESKTOP-R2K6MVF" failures="4" tests="9" name="Command line test" time="0.203" errors="0" timestamp="2021-04-27T00:25:58 ICT">
  <testcase classname="edu.poly.model.NhanVienNGTest" name="testGetHoTen" time="0.125">
    <failure type="java.lang.AssertionError" message="expected [] but found [null]">
      <![CDATA[java.lang.AssertionError: expected [] but found [null]
at edu.poly.model.NhanVienNGTest.testGetHoTen(NhanVienNGTest.java:90)
at java.base/java.util.ArrayList.forEach(ArrayList.java:1540)
... Removed 42 stack frames]]>
    </failure>
  </testcase> <!-- testGetHoTen -->
  <testcase classname="edu.poly.model.NhanVienNGTest" name="testGetMaNV" time="0.016">
    <failure type="java.lang.AssertionError" message="expected [] but found [null]">
      <![CDATA[java.lang.AssertionError: expected [] but found [null]
at edu.poly.model.NhanVienNGTest.testGetMaNV(NhanVienNGTest.java:46)
at java.base/java.util.ArrayList.forEach(ArrayList.java:1540)
... Removed 42 stack frames]]>
    </failure>
  </testcase> <!-- testGetMaNV -->
  <testcase classname="edu.poly.model.NhanVienNGTest" name="testGetMatKhau" time="0.0">
    <failure type="java.lang.AssertionError" message="expected [] but found [null]">
      <![CDATA[java.lang.AssertionError: expected [] but found [null]
at edu.poly.model.NhanVienNGTest.testGetMatKhau(NhanVienNGTest.java:68)
at java.base/java.util.ArrayList.forEach(ArrayList.java:1540)
... Removed 42 stack frames]]>
    </failure>
  </testcase> <!-- testGetMatKhau -->
  <testcase classname="edu.poly.model.NhanVienNGTest" name="testGetVaiTro" time="0.016"/>
  <testcase classname="edu.poly.model.NhanVienNGTest" name="testSetHoTen" time="0.0"/>
  <testcase classname="edu.poly.model.NhanVienNGTest" name="testSetMaNV" time="0.0"/>
  <testcase classname="edu.poly.model.NhanVienNGTest" name="testSetMatKhau" time="0.0"/>
  <testcase classname="edu.poly.model.NhanVienNGTest" name="testSetVaiTro" time="0.0"/>
  <testcase classname="edu.poly.model.NhanVienNGTest" name="testToString" time="0.0">
    <failure type="java.lang.AssertionError" message="expected [] but found [null]">
      <![CDATA[java.lang.AssertionError: expected [] but found [null]
at edu.poly.model.NhanVienNGTest.testToString(NhanVienNGTest.java:136)
at java.base/java.util.ArrayList.forEach(ArrayList.java:1540)
... Removed 42 stack frames]]>
    </failure>
  </testcase> <!-- testToString -->
</testsuite> <!-- Command line test -->
